[2024-09-20 12:31:11:5681] DEBUG 13462 --- [           main] s.w.s.m.m.a.RequestMappingHandlerMapping : 82 mappings in 'requestMappingHandlerMapping'
[2024-09-20 12:31:11:6008] DEBUG 13462 --- [           main] o.s.w.s.h.SimpleUrlHandlerMapping        : Patterns [/webjars/**, /**, /swagger-ui*/*swagger-initializer.js, /swagger-ui*/**] in 'resourceHandlerMapping'
[2024-09-20 12:31:11:6132] DEBUG 13462 --- [           main] s.w.s.m.m.a.RequestMappingHandlerAdapter : ControllerAdvice beans: 0 @ModelAttribute, 0 @InitBinder, 1 RequestBodyAdvice, 1 ResponseBodyAdvice
[2024-09-20 12:31:11:6157] DEBUG 13462 --- [           main] .m.m.a.ExceptionHandlerExceptionResolver : ControllerAdvice beans: 2 @ExceptionHandler, 1 ResponseBodyAdvice
[2024-09-20 13:33:14:6614] DEBUG 13658 --- [           main] s.w.s.m.m.a.RequestMappingHandlerMapping : 82 mappings in 'requestMappingHandlerMapping'
[2024-09-20 13:33:14:7145] DEBUG 13658 --- [           main] o.s.w.s.h.SimpleUrlHandlerMapping        : Patterns [/webjars/**, /**, /swagger-ui*/*swagger-initializer.js, /swagger-ui*/**] in 'resourceHandlerMapping'
[2024-09-20 13:33:14:7303] DEBUG 13658 --- [           main] s.w.s.m.m.a.RequestMappingHandlerAdapter : ControllerAdvice beans: 0 @ModelAttribute, 0 @InitBinder, 1 RequestBodyAdvice, 1 ResponseBodyAdvice
[2024-09-20 13:33:14:7329] DEBUG 13658 --- [           main] .m.m.a.ExceptionHandlerExceptionResolver : ControllerAdvice beans: 2 @ExceptionHandler, 1 ResponseBodyAdvice
[2024-09-20 13:33:22:15332] INFO  13658 --- [nio-8080-exec-1] o.s.web.servlet.DispatcherServlet        : Initializing Servlet 'dispatcherServlet'
[2024-09-20 13:33:22:15332] DEBUG 13658 --- [nio-8080-exec-1] o.s.web.servlet.DispatcherServlet        : Detected StandardServletMultipartResolver
[2024-09-20 13:33:22:15332] DEBUG 13658 --- [nio-8080-exec-1] o.s.web.servlet.DispatcherServlet        : Detected AcceptHeaderLocaleResolver
[2024-09-20 13:33:22:15333] DEBUG 13658 --- [nio-8080-exec-1] o.s.web.servlet.DispatcherServlet        : Detected FixedThemeResolver
[2024-09-20 13:33:22:15334] DEBUG 13658 --- [nio-8080-exec-1] o.s.web.servlet.DispatcherServlet        : Detected org.springframework.web.servlet.view.DefaultRequestToViewNameTranslator@3f6fa2dd
[2024-09-20 13:33:22:15334] DEBUG 13658 --- [nio-8080-exec-1] o.s.web.servlet.DispatcherServlet        : Detected org.springframework.web.servlet.support.SessionFlashMapManager@31ebc5fa
[2024-09-20 13:33:22:15335] DEBUG 13658 --- [nio-8080-exec-1] o.s.web.servlet.DispatcherServlet        : enableLoggingRequestDetails='false': request parameters and headers will be masked to prevent unsafe logging of potentially sensitive data
[2024-09-20 13:33:22:15335] INFO  13658 --- [nio-8080-exec-1] o.s.web.servlet.DispatcherServlet        : Completed initialization in 3 ms
[2024-09-20 13:33:22:15359] DEBUG 13658 --- [nio-8080-exec-1] o.s.web.servlet.DispatcherServlet        : GET "/swagger-ui/index.html", parameters={}
[2024-09-20 13:33:22:15362] DEBUG 13658 --- [nio-8080-exec-1] o.s.w.s.h.SimpleUrlHandlerMapping        : Mapped to ResourceHttpRequestHandler [classpath [META-INF/resources/webjars/]]
[2024-09-20 13:33:22:15384] DEBUG 13658 --- [nio-8080-exec-1] o.s.web.servlet.DispatcherServlet        : Completed 200 OK
[2024-09-20 13:33:22:15389] DEBUG 13658 --- [nio-8080-exec-4] o.s.web.servlet.DispatcherServlet        : GET "/swagger-ui/swagger-ui-bundle.js", parameters={}
[2024-09-20 13:33:22:15389] DEBUG 13658 --- [nio-8080-exec-2] o.s.web.servlet.DispatcherServlet        : GET "/swagger-ui/swagger-ui.css", parameters={}
[2024-09-20 13:33:22:15390] DEBUG 13658 --- [nio-8080-exec-4] o.s.w.s.h.SimpleUrlHandlerMapping        : Mapped to ResourceHttpRequestHandler [classpath [META-INF/resources/webjars/]]
[2024-09-20 13:33:22:15390] DEBUG 13658 --- [nio-8080-exec-3] o.s.web.servlet.DispatcherServlet        : GET "/swagger-ui/index.css", parameters={}
[2024-09-20 13:33:22:15390] DEBUG 13658 --- [nio-8080-exec-2] o.s.w.s.h.SimpleUrlHandlerMapping        : Mapped to ResourceHttpRequestHandler [classpath [META-INF/resources/webjars/]]
[2024-09-20 13:33:22:15391] DEBUG 13658 --- [nio-8080-exec-3] o.s.w.s.h.SimpleUrlHandlerMapping        : Mapped to ResourceHttpRequestHandler [classpath [META-INF/resources/webjars/]]
[2024-09-20 13:33:22:15395] DEBUG 13658 --- [nio-8080-exec-3] o.s.web.servlet.DispatcherServlet        : Completed 200 OK
[2024-09-20 13:33:22:15398] DEBUG 13658 --- [nio-8080-exec-2] o.s.web.servlet.DispatcherServlet        : Completed 200 OK
[2024-09-20 13:33:22:15401] DEBUG 13658 --- [nio-8080-exec-3] o.s.web.servlet.DispatcherServlet        : GET "/swagger-ui/swagger-ui-standalone-preset.js", parameters={}
[2024-09-20 13:33:22:15401] DEBUG 13658 --- [nio-8080-exec-2] o.s.web.servlet.DispatcherServlet        : GET "/swagger-ui/swagger-initializer.js", parameters={}
[2024-09-20 13:33:22:15401] DEBUG 13658 --- [nio-8080-exec-3] o.s.w.s.h.SimpleUrlHandlerMapping        : Mapped to ResourceHttpRequestHandler [classpath [META-INF/resources/webjars/]]
[2024-09-20 13:33:22:15401] DEBUG 13658 --- [nio-8080-exec-2] o.s.w.s.h.SimpleUrlHandlerMapping        : Mapped to ResourceHttpRequestHandler [classpath [META-INF/resources/webjars/]]
[2024-09-20 13:33:22:15413] DEBUG 13658 --- [nio-8080-exec-3] o.s.web.servlet.DispatcherServlet        : Completed 200 OK
[2024-09-20 13:33:22:15421] DEBUG 13658 --- [nio-8080-exec-4] o.s.web.servlet.DispatcherServlet        : Completed 200 OK
[2024-09-20 13:33:22:15426] DEBUG 13658 --- [nio-8080-exec-2] o.s.web.servlet.DispatcherServlet        : Completed 200 OK
[2024-09-20 13:33:22:15522] DEBUG 13658 --- [nio-8080-exec-5] o.s.web.servlet.DispatcherServlet        : GET "/v3/api-docs/swagger-config", parameters={}
[2024-09-20 13:33:22:15522] DEBUG 13658 --- [nio-8080-exec-5] s.w.s.m.m.a.RequestMappingHandlerMapping : Mapped to org.springdoc.webmvc.ui.SwaggerConfigResource#openapiJson(HttpServletRequest)
[2024-09-20 13:33:22:15534] DEBUG 13658 --- [nio-8080-exec-5] m.m.a.RequestResponseBodyMethodProcessor : Using 'application/json', given [*/*] and supported [application/json]
[2024-09-20 13:33:22:15535] DEBUG 13658 --- [nio-8080-exec-5] m.m.a.RequestResponseBodyMethodProcessor : Writing [{configUrl=/v3/api-docs/swagger-config, oauth2RedirectUrl=http://localhost:8080/swagger-ui/oauth2-re (truncated)...]
[2024-09-20 13:33:22:15544] DEBUG 13658 --- [nio-8080-exec-5] o.s.web.servlet.DispatcherServlet        : Completed 200 OK
[2024-09-20 13:33:23:15568] DEBUG 13658 --- [nio-8080-exec-6] o.s.web.servlet.DispatcherServlet        : GET "/v3/api-docs/%EA%B2%BD%EB%A1%9C", parameters={}
[2024-09-20 13:33:23:15568] DEBUG 13658 --- [nio-8080-exec-6] s.w.s.m.m.a.RequestMappingHandlerMapping : Mapped to org.springdoc.webmvc.api.MultipleOpenApiWebMvcResource#openapiJson(HttpServletRequest, String, String, Locale)
[2024-09-20 13:33:23:15842] DEBUG 13658 --- [nio-8080-exec-6] m.m.a.RequestResponseBodyMethodProcessor : Using 'application/json', given [application/json, */*] and supported [application/json]
[2024-09-20 13:33:23:15842] DEBUG 13658 --- [nio-8080-exec-6] m.m.a.RequestResponseBodyMethodProcessor : Writing ["{"openapi":"3.0.1","info":{"title":"한품 API 명세서","description":"한품 API 명세서","version":"v1"},"servers" (truncated)..."]
[2024-09-20 13:33:23:15843] DEBUG 13658 --- [nio-8080-exec-6] o.s.web.servlet.DispatcherServlet        : Completed 200 OK
[2024-09-20 13:33:32:24678] DEBUG 13658 --- [nio-8080-exec-7] o.s.web.servlet.DispatcherServlet        : GET "/v3/api-docs/%EC%A0%84%EC%B2%B4", parameters={}
[2024-09-20 13:33:32:24679] DEBUG 13658 --- [nio-8080-exec-7] s.w.s.m.m.a.RequestMappingHandlerMapping : Mapped to org.springdoc.webmvc.api.MultipleOpenApiWebMvcResource#openapiJson(HttpServletRequest, String, String, Locale)
[2024-09-20 13:33:32:24879] DEBUG 13658 --- [nio-8080-exec-7] m.m.a.RequestResponseBodyMethodProcessor : Using 'application/json', given [application/json, */*] and supported [application/json]
[2024-09-20 13:33:32:24880] DEBUG 13658 --- [nio-8080-exec-7] m.m.a.RequestResponseBodyMethodProcessor : Writing ["{"openapi":"3.0.1","info":{"title":"한품 API 명세서","description":"한품 API 명세서","version":"v1"},"servers" (truncated)..."]
[2024-09-20 13:33:32:24883] DEBUG 13658 --- [nio-8080-exec-7] o.s.web.servlet.DispatcherServlet        : Completed 200 OK
[2024-09-20 13:33:47:40196] DEBUG 13658 --- [nio-8080-exec-8] o.s.web.servlet.DispatcherServlet        : POST "/api/auth/login", parameters={}
[2024-09-20 13:33:47:40197] DEBUG 13658 --- [nio-8080-exec-8] s.w.s.m.m.a.RequestMappingHandlerMapping : Mapped to backend.hanpum.domain.auth.controller.AuthController#login(LoginReqDto)
[2024-09-20 13:33:47:40205] DEBUG 13658 --- [nio-8080-exec-8] m.m.a.RequestResponseBodyMethodProcessor : Read "application/json;charset=UTF-8" to [backend.hanpum.domain.auth.dto.requestDto.LoginReqDto@3ce154d3]
[2024-09-20 13:33:48:40686] DEBUG 13658 --- [nio-8080-exec-8] o.s.w.s.m.m.a.HttpEntityMethodProcessor  : Using 'application/json', given [*/*] and supported [application/json, application/*+json, application/cbor]
[2024-09-20 13:33:48:40687] DEBUG 13658 --- [nio-8080-exec-8] o.s.w.s.m.m.a.HttpEntityMethodProcessor  : Writing [backend.hanpum.exception.format.code.ApiResponse$SucceededBody@702857db]
[2024-09-20 13:33:48:40689] DEBUG 13658 --- [nio-8080-exec-8] o.s.web.servlet.DispatcherServlet        : Completed 200 OK
[2024-09-20 13:34:08:61137] DEBUG 13658 --- [nio-8080-exec-9] o.s.web.servlet.DispatcherServlet        : GET "/api/schedule/running", parameters={}
[2024-09-20 13:34:08:61137] DEBUG 13658 --- [nio-8080-exec-9] s.w.s.m.m.a.RequestMappingHandlerMapping : Mapped to backend.hanpum.domain.schedule.controller.ScheduleController#getRunningSchedule(UserDetailsImpl)
[2024-09-20 13:34:08:61239] DEBUG 13658 --- [nio-8080-exec-9] .m.m.a.ExceptionHandlerExceptionResolver : Using @ExceptionHandler backend.hanpum.exception.handler.GlobalExceptionHandler#handle(ValidScheduleNotFoundException)
[2024-09-20 13:34:08:61245] DEBUG 13658 --- [nio-8080-exec-9] o.s.w.s.m.m.a.HttpEntityMethodProcessor  : Using 'application/json', given [*/*] and supported [application/json, application/*+json, application/cbor]
[2024-09-20 13:34:08:61245] DEBUG 13658 --- [nio-8080-exec-9] o.s.w.s.m.m.a.HttpEntityMethodProcessor  : Writing [backend.hanpum.exception.format.code.ApiResponse$ErroredBody@1b5b70ed]
[2024-09-20 13:34:08:61246] DEBUG 13658 --- [nio-8080-exec-9] .m.m.a.ExceptionHandlerExceptionResolver : Resolved [backend.hanpum.exception.exception.schedule.ValidScheduleNotFoundException]
[2024-09-20 13:34:08:61246] DEBUG 13658 --- [nio-8080-exec-9] o.s.web.servlet.DispatcherServlet        : Completed 200 OK
[2024-09-20 13:34:15:67975] DEBUG 13658 --- [io-8080-exec-10] o.s.web.servlet.DispatcherServlet        : GET "/api/schedule", parameters={}
[2024-09-20 13:34:15:67976] DEBUG 13658 --- [io-8080-exec-10] s.w.s.m.m.a.RequestMappingHandlerMapping : Mapped to backend.hanpum.domain.schedule.controller.ScheduleController#getMySchedule(UserDetailsImpl)
[2024-09-20 13:34:15:68014] DEBUG 13658 --- [io-8080-exec-10] o.s.w.s.m.m.a.HttpEntityMethodProcessor  : Using 'application/json', given [*/*] and supported [application/json, application/*+json, application/cbor]
[2024-09-20 13:34:15:68014] DEBUG 13658 --- [io-8080-exec-10] o.s.w.s.m.m.a.HttpEntityMethodProcessor  : Writing [backend.hanpum.exception.format.code.ApiResponse$SucceededBody@764f010e]
[2024-09-20 13:34:15:68016] DEBUG 13658 --- [io-8080-exec-10] o.s.web.servlet.DispatcherServlet        : Completed 200 OK
